<?xml version="1.0" encoding="UTF-8"?>
<!-- Generated by org.testng.reporters.JUnitReportReporter -->
<testsuite hostname="ALIPLR2648" name="first1.Test99GuruLogin" tests="1" failures="0" timestamp="9 Dec 2019 09:30:48 GMT" time="7.337" errors="0">
  <testcase name="test_Home_Page_Appear_Correct" time="7.337" classname="first1.Test99GuruLogin"/>
</testsuite> <!-- first1.Test99GuruLogin -->
